<?xml version="1.0" encoding="UTF-8"?>
<robot generator="Robot 6.1.1 (Python 3.11.9 on darwin)" generated="20240911 10:16:43.975" rpa="false" schemaversion="4">
<suite id="s1" name="Login" source="/Users/danielarc/Documents/RobotDemo/login.robot">
<test id="s1-t1" name="Login E Compra" line="9">
<kw name="Preparar Navegador" library="keywords">
<kw name="Create Directory" library="OperatingSystem">
<arg>${EVIDENCIAS_DIR}</arg>
<doc>Creates the specified directory.</doc>
<msg timestamp="20240911 10:16:44.263" level="INFO" html="true">Directory '&lt;a href="file:///Users/danielarc/Documents/RobotDemo/evidencias"&gt;/Users/danielarc/Documents/RobotDemo/evidencias&lt;/a&gt;' already exists.</msg>
<status status="PASS" starttime="20240911 10:16:44.263" endtime="20240911 10:16:44.264"/>
</kw>
<kw name="Open Browser" library="SeleniumLibrary">
<arg>about:blank</arg>
<arg>chrome</arg>
<doc>Opens a new browser instance to the optional ``url``.</doc>
<msg timestamp="20240911 10:16:44.264" level="INFO">Opening browser 'chrome' to base url 'about:blank'.</msg>
<status status="PASS" starttime="20240911 10:16:44.264" endtime="20240911 10:16:46.019"/>
</kw>
<kw name="Capture Page Screenshot" library="SeleniumLibrary">
<arg>${EVIDENCIAS_DIR}Preparar_Navegador.png</arg>
<doc>Takes a screenshot of the current page and embeds it into a log file.</doc>
<msg timestamp="20240911 10:16:46.483" level="INFO" html="true">&lt;/td&gt;&lt;/tr&gt;&lt;tr&gt;&lt;td colspan="3"&gt;&lt;a href="evidencias/Preparar_Navegador.png"&gt;&lt;img src="evidencias/Preparar_Navegador.png" width="800px"&gt;&lt;/a&gt;</msg>
<status status="PASS" starttime="20240911 10:16:46.019" endtime="20240911 10:16:46.483"/>
</kw>
<status status="PASS" starttime="20240911 10:16:44.262" endtime="20240911 10:16:46.483"/>
</kw>
<kw name="Acessar Pagina Inicial" library="keywords">
<kw name="Go To" library="SeleniumLibrary">
<arg>${URL}</arg>
<doc>Navigates the current browser window to the provided ``url``.</doc>
<msg timestamp="20240911 10:16:46.484" level="INFO">Opening url 'https://www.saucedemo.com/'</msg>
<status status="PASS" starttime="20240911 10:16:46.484" endtime="20240911 10:16:46.911"/>
</kw>
<kw name="Wait Until Page Contains Element" library="SeleniumLibrary">
<arg>xpath://title[text()='Swag Labs']</arg>
<doc>Waits until the element ``locator`` appears on the current page.</doc>
<status status="PASS" starttime="20240911 10:16:46.911" endtime="20240911 10:16:46.927"/>
</kw>
<kw name="Capture Page Screenshot" library="SeleniumLibrary">
<arg>${EVIDENCIAS_DIR}Pagina_Inicial.png</arg>
<doc>Takes a screenshot of the current page and embeds it into a log file.</doc>
<msg timestamp="20240911 10:16:47.342" level="INFO" html="true">&lt;/td&gt;&lt;/tr&gt;&lt;tr&gt;&lt;td colspan="3"&gt;&lt;a href="evidencias/Pagina_Inicial.png"&gt;&lt;img src="evidencias/Pagina_Inicial.png" width="800px"&gt;&lt;/a&gt;</msg>
<status status="PASS" starttime="20240911 10:16:46.927" endtime="20240911 10:16:47.342"/>
</kw>
<status status="PASS" starttime="20240911 10:16:46.483" endtime="20240911 10:16:47.342"/>
</kw>
<kw name="Fazer Login" library="keywords">
<kw name="Click Element" library="SeleniumLibrary">
<arg>xpath://*[@data-test="username"]</arg>
<doc>Click the element identified by ``locator``.</doc>
<msg timestamp="20240911 10:16:47.343" level="INFO">Clicking element 'xpath://*[@data-test="username"]'.</msg>
<status status="PASS" starttime="20240911 10:16:47.343" endtime="20240911 10:16:47.485"/>
</kw>
<kw name="Input Text" library="SeleniumLibrary">
<arg>xpath://*[@data-test="username"]</arg>
<arg>${USERNAME}</arg>
<doc>Types the given ``text`` into the text field identified by ``locator``.</doc>
<msg timestamp="20240911 10:16:47.486" level="INFO">Typing text 'standard_user' into text field 'xpath://*[@data-test="username"]'.</msg>
<status status="PASS" starttime="20240911 10:16:47.485" endtime="20240911 10:16:47.684"/>
</kw>
<kw name="Click Element" library="SeleniumLibrary">
<arg>xpath://*[@data-test="password"]</arg>
<doc>Click the element identified by ``locator``.</doc>
<msg timestamp="20240911 10:16:47.685" level="INFO">Clicking element 'xpath://*[@data-test="password"]'.</msg>
<status status="PASS" starttime="20240911 10:16:47.684" endtime="20240911 10:16:47.743"/>
</kw>
<kw name="Input Text" library="SeleniumLibrary">
<arg>xpath://*[@data-test="password"]</arg>
<arg>${PASSWORD}</arg>
<doc>Types the given ``text`` into the text field identified by ``locator``.</doc>
<msg timestamp="20240911 10:16:47.744" level="INFO">Typing text 'secret_sauce' into text field 'xpath://*[@data-test="password"]'.</msg>
<status status="PASS" starttime="20240911 10:16:47.743" endtime="20240911 10:16:47.810"/>
</kw>
<kw name="Click Element" library="SeleniumLibrary">
<arg>xpath://*[@data-test="login-button"]</arg>
<doc>Click the element identified by ``locator``.</doc>
<msg timestamp="20240911 10:16:47.810" level="INFO">Clicking element 'xpath://*[@data-test="login-button"]'.</msg>
<status status="PASS" starttime="20240911 10:16:47.810" endtime="20240911 10:16:47.922"/>
</kw>
<kw name="Capture Page Screenshot" library="SeleniumLibrary">
<arg>${EVIDENCIAS_DIR}Login.png</arg>
<doc>Takes a screenshot of the current page and embeds it into a log file.</doc>
<msg timestamp="20240911 10:16:48.527" level="INFO" html="true">&lt;/td&gt;&lt;/tr&gt;&lt;tr&gt;&lt;td colspan="3"&gt;&lt;a href="evidencias/Login.png"&gt;&lt;img src="evidencias/Login.png" width="800px"&gt;&lt;/a&gt;</msg>
<status status="PASS" starttime="20240911 10:16:47.922" endtime="20240911 10:16:48.527"/>
</kw>
<status status="PASS" starttime="20240911 10:16:47.342" endtime="20240911 10:16:48.527"/>
</kw>
<kw name="Adicionar Produto Ao Carrinho" library="keywords">
<kw name="Click Element" library="SeleniumLibrary">
<arg>xpath://*[@data-test="add-to-cart-sauce-labs-bike-light"]</arg>
<doc>Click the element identified by ``locator``.</doc>
<msg timestamp="20240911 10:16:48.528" level="INFO">Clicking element 'xpath://*[@data-test="add-to-cart-sauce-labs-bike-light"]'.</msg>
<status status="PASS" starttime="20240911 10:16:48.528" endtime="20240911 10:16:48.575"/>
</kw>
<kw name="Capture Page Screenshot" library="SeleniumLibrary">
<arg>${EVIDENCIAS_DIR}Produto_Adicionado.png</arg>
<doc>Takes a screenshot of the current page and embeds it into a log file.</doc>
<msg timestamp="20240911 10:16:49.095" level="INFO" html="true">&lt;/td&gt;&lt;/tr&gt;&lt;tr&gt;&lt;td colspan="3"&gt;&lt;a href="evidencias/Produto_Adicionado.png"&gt;&lt;img src="evidencias/Produto_Adicionado.png" width="800px"&gt;&lt;/a&gt;</msg>
<status status="PASS" starttime="20240911 10:16:48.575" endtime="20240911 10:16:49.095"/>
</kw>
<status status="PASS" starttime="20240911 10:16:48.528" endtime="20240911 10:16:49.095"/>
</kw>
<kw name="Ir Para O Carrinho" library="keywords">
<kw name="Click Element" library="SeleniumLibrary">
<arg>xpath://*[@data-test="shopping-cart-link"]</arg>
<doc>Click the element identified by ``locator``.</doc>
<msg timestamp="20240911 10:16:49.096" level="INFO">Clicking element 'xpath://*[@data-test="shopping-cart-link"]'.</msg>
<status status="PASS" starttime="20240911 10:16:49.096" endtime="20240911 10:16:49.147"/>
</kw>
<kw name="Capture Page Screenshot" library="SeleniumLibrary">
<arg>${EVIDENCIAS_DIR}Carrinho.png</arg>
<doc>Takes a screenshot of the current page and embeds it into a log file.</doc>
<msg timestamp="20240911 10:16:49.477" level="INFO" html="true">&lt;/td&gt;&lt;/tr&gt;&lt;tr&gt;&lt;td colspan="3"&gt;&lt;a href="evidencias/Carrinho.png"&gt;&lt;img src="evidencias/Carrinho.png" width="800px"&gt;&lt;/a&gt;</msg>
<status status="PASS" starttime="20240911 10:16:49.147" endtime="20240911 10:16:49.477"/>
</kw>
<status status="PASS" starttime="20240911 10:16:49.095" endtime="20240911 10:16:49.477"/>
</kw>
<kw name="Realizar Checkout" library="keywords">
<kw name="Click Element" library="SeleniumLibrary">
<arg>xpath://*[@data-test="checkout"]</arg>
<doc>Click the element identified by ``locator``.</doc>
<msg timestamp="20240911 10:16:49.478" level="INFO">Clicking element 'xpath://*[@data-test="checkout"]'.</msg>
<status status="PASS" starttime="20240911 10:16:49.477" endtime="20240911 10:16:49.531"/>
</kw>
<kw name="Click Element" library="SeleniumLibrary">
<arg>xpath://*[@data-test="firstName"]</arg>
<doc>Click the element identified by ``locator``.</doc>
<msg timestamp="20240911 10:16:49.532" level="INFO">Clicking element 'xpath://*[@data-test="firstName"]'.</msg>
<status status="PASS" starttime="20240911 10:16:49.531" endtime="20240911 10:16:49.582"/>
</kw>
<kw name="Input Text" library="SeleniumLibrary">
<arg>xpath://*[@data-test="firstName"]</arg>
<arg>${FIRST_NAME}</arg>
<doc>Types the given ``text`` into the text field identified by ``locator``.</doc>
<msg timestamp="20240911 10:16:49.583" level="INFO">Typing text 'Teste' into text field 'xpath://*[@data-test="firstName"]'.</msg>
<status status="PASS" starttime="20240911 10:16:49.582" endtime="20240911 10:16:49.667"/>
</kw>
<kw name="Press Key" library="SeleniumLibrary">
<arg>xpath://*[@data-test="firstName"]</arg>
<arg>Tab</arg>
<doc>Simulates user pressing key on element identified by ``locator``.</doc>
<status status="PASS" starttime="20240911 10:16:49.667" endtime="20240911 10:16:49.704"/>
</kw>
<kw name="Input Text" library="SeleniumLibrary">
<arg>xpath://*[@data-test="lastName"]</arg>
<arg>${LAST_NAME}</arg>
<doc>Types the given ``text`` into the text field identified by ``locator``.</doc>
<msg timestamp="20240911 10:16:49.705" level="INFO">Typing text 'Testing' into text field 'xpath://*[@data-test="lastName"]'.</msg>
<status status="PASS" starttime="20240911 10:16:49.705" endtime="20240911 10:16:49.795"/>
</kw>
<kw name="Press Key" library="SeleniumLibrary">
<arg>xpath://*[@data-test="lastName"]</arg>
<arg>Tab</arg>
<doc>Simulates user pressing key on element identified by ``locator``.</doc>
<status status="PASS" starttime="20240911 10:16:49.795" endtime="20240911 10:16:49.829"/>
</kw>
<kw name="Input Text" library="SeleniumLibrary">
<arg>xpath://*[@data-test="postalCode"]</arg>
<arg>${POSTAL_CODE}</arg>
<doc>Types the given ``text`` into the text field identified by ``locator``.</doc>
<msg timestamp="20240911 10:16:49.830" level="INFO">Typing text '12349' into text field 'xpath://*[@data-test="postalCode"]'.</msg>
<status status="PASS" starttime="20240911 10:16:49.829" endtime="20240911 10:16:49.910"/>
</kw>
<kw name="Click Element" library="SeleniumLibrary">
<arg>xpath://*[@data-test="continue"]</arg>
<doc>Click the element identified by ``locator``.</doc>
<msg timestamp="20240911 10:16:49.910" level="INFO">Clicking element 'xpath://*[@data-test="continue"]'.</msg>
<status status="PASS" starttime="20240911 10:16:49.910" endtime="20240911 10:16:49.971"/>
</kw>
<kw name="Capture Page Screenshot" library="SeleniumLibrary">
<arg>${EVIDENCIAS_DIR}Checkout.png</arg>
<doc>Takes a screenshot of the current page and embeds it into a log file.</doc>
<msg timestamp="20240911 10:16:50.292" level="INFO" html="true">&lt;/td&gt;&lt;/tr&gt;&lt;tr&gt;&lt;td colspan="3"&gt;&lt;a href="evidencias/Checkout.png"&gt;&lt;img src="evidencias/Checkout.png" width="800px"&gt;&lt;/a&gt;</msg>
<status status="PASS" starttime="20240911 10:16:49.971" endtime="20240911 10:16:50.292"/>
</kw>
<status status="PASS" starttime="20240911 10:16:49.477" endtime="20240911 10:16:50.292"/>
</kw>
<kw name="Finalizar Compra" library="keywords">
<kw name="Click Element" library="SeleniumLibrary">
<arg>xpath://*[@data-test="finish"]</arg>
<doc>Click the element identified by ``locator``.</doc>
<msg timestamp="20240911 10:16:50.293" level="INFO">Clicking element 'xpath://*[@data-test="finish"]'.</msg>
<status status="PASS" starttime="20240911 10:16:50.292" endtime="20240911 10:16:50.343"/>
</kw>
<kw name="Capture Page Screenshot" library="SeleniumLibrary">
<arg>${EVIDENCIAS_DIR}Compra_Finalizada.png</arg>
<doc>Takes a screenshot of the current page and embeds it into a log file.</doc>
<msg timestamp="20240911 10:16:50.667" level="INFO" html="true">&lt;/td&gt;&lt;/tr&gt;&lt;tr&gt;&lt;td colspan="3"&gt;&lt;a href="evidencias/Compra_Finalizada.png"&gt;&lt;img src="evidencias/Compra_Finalizada.png" width="800px"&gt;&lt;/a&gt;</msg>
<status status="PASS" starttime="20240911 10:16:50.343" endtime="20240911 10:16:50.667"/>
</kw>
<kw name="Click Element" library="SeleniumLibrary">
<arg>xpath://*[@data-test="back-to-products"]</arg>
<doc>Click the element identified by ``locator``.</doc>
<msg timestamp="20240911 10:16:50.668" level="INFO">Clicking element 'xpath://*[@data-test="back-to-products"]'.</msg>
<status status="PASS" starttime="20240911 10:16:50.668" endtime="20240911 10:16:50.723"/>
</kw>
<kw name="Capture Page Screenshot" library="SeleniumLibrary">
<arg>${EVIDENCIAS_DIR}Voltar_Para_Produtos.png</arg>
<doc>Takes a screenshot of the current page and embeds it into a log file.</doc>
<msg timestamp="20240911 10:16:51.200" level="INFO" html="true">&lt;/td&gt;&lt;/tr&gt;&lt;tr&gt;&lt;td colspan="3"&gt;&lt;a href="evidencias/Voltar_Para_Produtos.png"&gt;&lt;img src="evidencias/Voltar_Para_Produtos.png" width="800px"&gt;&lt;/a&gt;</msg>
<status status="PASS" starttime="20240911 10:16:50.723" endtime="20240911 10:16:51.200"/>
</kw>
<status status="PASS" starttime="20240911 10:16:50.292" endtime="20240911 10:16:51.200"/>
</kw>
<doc>Teste de login e compra no site SauceDemo</doc>
<status status="PASS" starttime="20240911 10:16:44.262" endtime="20240911 10:16:51.201"/>
</test>
<doc>Teste de login no site SauceDemo</doc>
<status status="PASS" starttime="20240911 10:16:43.976" endtime="20240911 10:16:51.201"/>
</suite>
<statistics>
<total>
<stat pass="1" fail="0" skip="0">All Tests</stat>
</total>
<tag>
</tag>
<suite>
<stat pass="1" fail="0" skip="0" id="s1" name="Login">Login</stat>
</suite>
</statistics>
<errors>
</errors>
</robot>
